-------------------------------------------------------------------------------
Test set: com.javacodegeeks.examples.junitmavenexample.CalculatorTest
-------------------------------------------------------------------------------
Tests run: 5, Failures: 1, Errors: 0, Skipped: 1, Time elapsed: 0.113 s <<< FAILURE! - in com.javacodegeeks.examples.junitmavenexample.CalculatorTest
testSum(com.javacodegeeks.examples.junitmavenexample.CalculatorTest)  Time elapsed: 0.015 s  <<< FAILURE!
java.lang.AssertionError: expected:<9> but was:<7>
	at com.javacodegeeks.examples.junitmavenexample.CalculatorTest.testSum(CalculatorTest.java:37)

