<?xml version="1.0" encoding="UTF-8"?>
<testsuite xmlns:xsi="http://www.w3.org/2001/XMLSchema-instance" xsi:noNamespaceSchemaLocation="https://maven.apache.org/surefire/maven-surefire-plugin/xsd/surefire-test-report.xsd" name="com.javacodegeeks.examples.junitmavenexample.CalculatorTest" time="0.113" tests="5" errors="0" skipped="1" failures="1">
  <properties>
[...]
</properties>
  <testcase name="testSum" classname="com.javacodegeeks.examples.junitmavenexample.CalculatorTest" time="0.015">
    <failure message="expected:&lt;9&gt; but was:&lt;7&gt;" type="java.lang.AssertionError"><![CDATA[java.lang.AssertionError: expected:<9> but was:<7>
	at com.javacodegeeks.examples.junitmavenexample.CalculatorTest.testSum(CalculatorTest.java:37)
]]></failure>
    <system-out><![CDATA[This is executed before each Test
This is exceuted after each Test
]]></system-out>
  </testcase>
  <testcase name="testEqual" classname="com.javacodegeeks.examples.junitmavenexample.CalculatorTest" time="0">
    <skipped/>
  </testcase>
  <testcase name="testSubstraction" classname="com.javacodegeeks.examples.junitmavenexample.CalculatorTest" time="0"/>
  <testcase name="testDivisionException" classname="com.javacodegeeks.examples.junitmavenexample.CalculatorTest" time="0"/>
  <testcase name="testDivison" classname="com.javacodegeeks.examples.junitmavenexample.CalculatorTest" time="0"/>
</testsuite>