<?xml version="1.0" encoding="UTF-8"?>
<testsuite xmlns:xsi="http://www.w3.org/2001/XMLSchema-instance" xsi:noNamespaceSchemaLocation="https://maven.apache.org/surefire/maven-surefire-plugin/xsd/surefire-test-report.xsd" name="com.javacodegeeks.examples.junitmavenexample.CalculatorTest" time="0.055" tests="5" errors="0" skipped="1" failures="0">
  <properties>
[...]
</properties>
  <testcase name="testSum" classname="com.javacodegeeks.examples.junitmavenexample.CalculatorTest" time="0.001"/>
  <testcase name="testEqual" classname="com.javacodegeeks.examples.junitmavenexample.CalculatorTest" time="0">
    <skipped/>
  </testcase>
  <testcase name="testSubstraction" classname="com.javacodegeeks.examples.junitmavenexample.CalculatorTest" time="0"/>
  <testcase name="testDivisionException" classname="com.javacodegeeks.examples.junitmavenexample.CalculatorTest" time="0"/>
  <testcase name="testDivison" classname="com.javacodegeeks.examples.junitmavenexample.CalculatorTest" time="0"/>
</testsuite>